<?xml version="1.0" encoding="UTF-8"?>
<!-- Generated by org.testng.reporters.JUnitReportReporter -->
<testsuite skipped="0" hostname="admin-PC" name="eextentReport.VerifyPageTitle" tests="1" failures="0" timestamp="21 Nov 2017 05:00:32 GMT" time="13.526" errors="0">
  <testcase name="verifyTitle" time="13.526" classname="eextentReport.VerifyPageTitle"/>
</testsuite> <!-- eextentReport.VerifyPageTitle -->
