<?xml version="1.0" encoding="UTF-8"?>
<!-- Generated by org.testng.reporters.JUnitReportReporter -->
<testsuite skipped="0" hostname="admin-PC" name="pdf.ReadPDF" tests="1" failures="0" timestamp="14 Nov 2017 16:06:51 GMT" time="9.292" errors="0">
  <testcase name="comparePdf" time="9.292" classname="pdf.ReadPDF"/>
</testsuite> <!-- pdf.ReadPDF -->
