<?xml version="1.0" encoding="UTF-8"?>
<!-- Generated by org.testng.reporters.JUnitReportReporter -->
<testsuite skipped="0" hostname="admin-PC" name="captureScreenshot.ScreenshotIfTestFails" tests="1" failures="0" timestamp="10 Nov 2017 05:05:57 GMT" time="14.439" errors="0">
  <testcase name="facebookLogin" time="14.439" classname="captureScreenshot.ScreenshotIfTestFails"/>
</testsuite> <!-- captureScreenshot.ScreenshotIfTestFails -->
